<?xml version="1.0" encoding="UTF-8"?>
<testsuite xmlns:xsi="http://www.w3.org/2001/XMLSchema-instance" xsi:noNamespaceSchemaLocation="https://maven.apache.org/surefire/maven-surefire-plugin/xsd/surefire-test-report.xsd" version="3.0.2" name="com.example.smart_english_note.SmartEnglishNoteApplicationTests" time="3.603" tests="1" errors="0" skipped="0" failures="0">
  <properties>
[...]
</properties>
  <testcase name="contextLoads" classname="com.example.smart_english_note.SmartEnglishNoteApplicationTests" time="0.702">
    <system-out><![CDATA[23:37:00.425 [main] INFO org.springframework.test.context.support.AnnotationConfigContextLoaderUtils -- Could not detect default configuration classes for test class [com.example.smart_english_note.SmartEnglishNoteApplicationTests]: SmartEnglishNoteApplicationTests does not declare any static, non-private, non-final, nested classes annotated with @Configuration.
23:37:00.569 [main] INFO org.springframework.boot.test.context.SpringBootTestContextBootstrapper -- Found @SpringBootConfiguration com.example.smart_english_note.SmartEnglishNoteApplication for test class com.example.smart_english_note.SmartEnglishNoteApplicationTests

  .   ____          _            __ _ _
 /\\ / ___'_ __ _ _(_)_ __  __ _ \ \ \ \
( ( )\___ | '_ | '_| | '_ \/ _` | \ \ \ \
 \\/  ___)| |_)| | | | | || (_| |  ) ) ) )
  '  |____| .__|_| |_|_| |_\__, | / / / /
 =========|_|==============|___/=/_/_/_/

 :: Spring Boot ::                (v3.5.6)

2025-10-23T23:37:01.313+07:00  INFO 14856 --- [           main] c.e.s.SmartEnglishNoteApplicationTests   : Starting SmartEnglishNoteApplicationTests using Java 22.0.1 with PID 14856 (started by tanki in D:\MyDocument\AllSubject\Code\PROJECT\SmartEnglishNote\smart_english_note)
2025-10-23T23:37:01.315+07:00  INFO 14856 --- [           main] c.e.s.SmartEnglishNoteApplicationTests   : The following 1 profile is active: "prod"
2025-10-23T23:37:03.021+07:00  INFO 14856 --- [           main] c.e.s.SmartEnglishNoteApplicationTests   : Started SmartEnglishNoteApplicationTests in 2.198 seconds (process running for 3.807)
]]></system-out>
    <system-err><![CDATA[Mockito is currently self-attaching to enable the inline-mock-maker. This will no longer work in future releases of the JDK. Please add Mockito as an agent to your build as described in Mockito's documentation: https://javadoc.io/doc/org.mockito/mockito-core/latest/org.mockito/org/mockito/Mockito.html#0.3
WARNING: A Java agent has been loaded dynamically (C:\Users\tanki\.m2\repository\net\bytebuddy\byte-buddy-agent\1.17.7\byte-buddy-agent-1.17.7.jar)
WARNING: If a serviceability tool is in use, please run with -XX:+EnableDynamicAgentLoading to hide this warning
WARNING: If a serviceability tool is not in use, please run with -Djdk.instrument.traceUsage for more information
WARNING: Dynamic loading of agents will be disallowed by default in a future release
]]></system-err>
  </testcase>
</testsuite>